2015-05-25 20:23:17,346 - [INFO] - from play in play-fork-run-akka.actor.default-dispatcher-6 
Listening for HTTP on /0:0:0:0:0:0:0:0:9000

2015-05-25 20:25:26,961 - [INFO] - from play in play-internal-execution-context-1 
datasource [jdbc:h2:mem:play;DB_CLOSE_DELAY=-1] bound to JNDI as DefaultDS

2015-05-25 20:25:27,372 - [INFO] - from play in play-internal-execution-context-1 
database [default] connected at jdbc:h2:mem:play

2015-05-25 20:25:35,255 - [INFO] - from application in play-internal-execution-context-1 
Data from: data.json

2015-05-25 20:25:36,562 - [INFO] - from application in play-internal-execution-context-1 
5 categories from json file 'data.json' inserted.

2015-05-25 20:25:36,660 - [INFO] - from play in play-internal-execution-context-1 
Application started (Dev)

2015-05-25 20:25:39,241 - [INFO] - from application in play-akka.actor.default-dispatcher-8 
[maggus2] Play the game.

2015-05-25 20:25:40,610 - [INFO] - from application in play-akka.actor.default-dispatcher-2 
Go to login page.

2015-05-25 20:25:43,920 - [INFO] - from application in play-akka.actor.default-dispatcher-9 
Go to Registration page.

2015-05-25 20:25:47,476 - [INFO] - from application in play-akka.actor.default-dispatcher-3 
Registration info has been submitted.

2015-05-25 20:25:47,713 - [INFO] - from application in play-akka.actor.default-dispatcher-3 
Go to login page.

2015-05-25 20:25:51,127 - [INFO] - from application in play-akka.actor.default-dispatcher-2 
Login information has been provided.

2015-05-25 20:25:51,187 - [INFO] - from application in play-akka.actor.default-dispatcher-9 
[yxcv] Play the game.

2015-05-25 20:25:51,190 - [INFO] - from application in play-akka.actor.default-dispatcher-9 
[yxcv] Creating a new game.

2015-05-25 20:25:51,214 - [INFO] - from application in play-akka.actor.default-dispatcher-9 
Start game with 5 categories.

2015-05-25 20:25:54,682 - [INFO] - from application in play-akka.actor.default-dispatcher-2 
[yxcv] Questions selected.

2015-05-25 20:25:58,681 - [INFO] - from application in play-akka.actor.default-dispatcher-10 
[yxcv] Answers submitted.

2015-05-25 20:25:58,725 - [INFO] - from application in play-akka.actor.default-dispatcher-4 
[yxcv] Game over.

2015-05-25 20:25:58,726 - [INFO] - from application in play-akka.actor.default-dispatcher-4 
Start Highscore-Service

2015-05-25 20:25:58,852 - [ERROR] - from com.sun.xml.internal.messaging.saaj.soap.impl in play-akka.actor.default-dispatcher-4 
SAAJ0101: Übergeordnetes Element von SOAPBodyElement muss ein SOAPBody sein

2015-05-25 20:25:58,861 - [ERROR] - from application in play-akka.actor.default-dispatcher-4 
Highscore post failed!

2015-05-25 20:25:58,862 - [INFO] - from application in play-akka.actor.default-dispatcher-4 
Start Twitter

2015-05-25 20:26:00,357 - [INFO] - from application in play-akka.actor.default-dispatcher-4 
Twitter post successfull!

2015-05-25 20:29:12,482 - [INFO] - from application in play-internal-execution-context-1 
Application shutdown...

2015-05-25 20:29:13,755 - [INFO] - from play in play-internal-execution-context-1 
datasource [jdbc:h2:mem:play;DB_CLOSE_DELAY=-1] bound to JNDI as DefaultDS

2015-05-25 20:29:13,882 - [INFO] - from play in play-internal-execution-context-1 
database [default] connected at jdbc:h2:mem:play

2015-05-25 20:29:15,211 - [INFO] - from application in play-internal-execution-context-1 
Data from: data.json

2015-05-25 20:29:15,457 - [INFO] - from application in play-internal-execution-context-1 
5 categories from json file 'data.json' inserted.

2015-05-25 20:29:15,594 - [INFO] - from play in play-internal-execution-context-1 
Application started (Dev)

2015-05-25 20:29:15,751 - [INFO] - from application in play-akka.actor.default-dispatcher-11 
[yxcv] Play the game.

2015-05-25 20:29:15,856 - [INFO] - from application in play-akka.actor.default-dispatcher-15 
Go to login page.

2015-05-25 20:29:19,939 - [INFO] - from application in play-akka.actor.default-dispatcher-15 
Go to Registration page.

2015-05-25 20:29:23,033 - [INFO] - from application in play-akka.actor.default-dispatcher-11 
Registration info has been submitted.

2015-05-25 20:29:23,123 - [INFO] - from application in play-akka.actor.default-dispatcher-19 
Go to login page.

2015-05-25 20:29:25,611 - [INFO] - from application in play-akka.actor.default-dispatcher-13 
Login information has been provided.

2015-05-25 20:29:25,821 - [INFO] - from application in play-akka.actor.default-dispatcher-17 
[yxcv] Play the game.

2015-05-25 20:29:25,824 - [INFO] - from application in play-akka.actor.default-dispatcher-17 
[yxcv] Creating a new game.

2015-05-25 20:29:25,845 - [INFO] - from application in play-akka.actor.default-dispatcher-17 
Start game with 5 categories.

2015-05-25 20:29:29,121 - [INFO] - from application in play-akka.actor.default-dispatcher-20 
[yxcv] Questions selected.

2015-05-25 20:29:32,014 - [INFO] - from application in play-akka.actor.default-dispatcher-21 
[yxcv] Answers submitted.

2015-05-25 20:29:32,094 - [INFO] - from application in play-akka.actor.default-dispatcher-11 
[yxcv] Game over.

2015-05-25 20:29:32,094 - [INFO] - from application in play-akka.actor.default-dispatcher-11 
Start Highscore-Service

2015-05-25 20:29:32,100 - [ERROR] - from com.sun.xml.internal.messaging.saaj.soap.impl in play-akka.actor.default-dispatcher-11 
SAAJ0101: Übergeordnetes Element von SOAPBodyElement muss ein SOAPBody sein

2015-05-25 20:29:32,101 - [ERROR] - from application in play-akka.actor.default-dispatcher-11 
exception 2

2015-05-25 20:29:32,101 - [INFO] - from application in play-akka.actor.default-dispatcher-11 
Start Twitter

2015-05-25 20:29:32,832 - [INFO] - from application in play-akka.actor.default-dispatcher-11 
Twitter post successfull!

2015-05-25 20:33:11,451 - [INFO] - from application in play-akka.actor.default-dispatcher-23 
[yxcv] Play the game.

2015-05-25 20:33:11,451 - [INFO] - from application in play-akka.actor.default-dispatcher-23 
[yxcv] Game over... redirect

2015-05-25 20:33:13,620 - [INFO] - from application in play-akka.actor.default-dispatcher-28 
[yxcv] Start new game.

2015-05-25 20:33:13,623 - [INFO] - from application in play-akka.actor.default-dispatcher-28 
[yxcv] Creating a new game.

2015-05-25 20:33:13,625 - [INFO] - from application in play-akka.actor.default-dispatcher-28 
Start game with 5 categories.

2015-05-25 20:33:16,822 - [INFO] - from application in play-akka.actor.default-dispatcher-25 
[yxcv] Questions selected.

2015-05-25 20:33:19,667 - [INFO] - from application in play-akka.actor.default-dispatcher-21 
[yxcv] Answers submitted.

2015-05-25 20:33:19,732 - [INFO] - from application in play-akka.actor.default-dispatcher-24 
[yxcv] Game over.

2015-05-25 20:33:19,733 - [INFO] - from application in play-akka.actor.default-dispatcher-24 
Start Highscore-Service

2015-05-25 20:33:19,735 - [ERROR] - from com.sun.xml.internal.messaging.saaj.soap.impl in play-akka.actor.default-dispatcher-24 
SAAJ0101: Übergeordnetes Element von SOAPBodyElement muss ein SOAPBody sein

2015-05-25 20:33:19,736 - [ERROR] - from application in play-akka.actor.default-dispatcher-24 
exception 2

2015-05-25 20:33:19,736 - [INFO] - from application in play-akka.actor.default-dispatcher-24 
Start Twitter

2015-05-25 20:33:20,578 - [INFO] - from application in play-akka.actor.default-dispatcher-24 
Twitter post successfull!

2015-05-25 20:35:26,552 - [INFO] - from application in play-internal-execution-context-8 
Application shutdown...

2015-05-25 20:35:27,073 - [INFO] - from play in play-internal-execution-context-8 
datasource [jdbc:h2:mem:play;DB_CLOSE_DELAY=-1] bound to JNDI as DefaultDS

2015-05-25 20:35:27,082 - [INFO] - from play in play-internal-execution-context-8 
database [default] connected at jdbc:h2:mem:play

2015-05-25 20:35:29,549 - [INFO] - from application in play-internal-execution-context-8 
Data from: data.json

2015-05-25 20:35:30,729 - [INFO] - from application in play-internal-execution-context-8 
5 categories from json file 'data.json' inserted.

2015-05-25 20:35:30,750 - [INFO] - from play in play-internal-execution-context-8 
Application started (Dev)

2015-05-25 20:35:31,110 - [INFO] - from application in play-akka.actor.default-dispatcher-32 
[yxcv] Play the game.

2015-05-25 20:35:31,214 - [INFO] - from application in play-akka.actor.default-dispatcher-27 
Go to login page.

2015-05-25 20:35:36,657 - [INFO] - from application in play-akka.actor.default-dispatcher-27 
Go to Registration page.

2015-05-25 20:35:40,042 - [INFO] - from application in play-akka.actor.default-dispatcher-35 
Registration info has been submitted.

2015-05-25 20:35:40,232 - [INFO] - from application in play-akka.actor.default-dispatcher-33 
Go to login page.

2015-05-25 20:35:43,045 - [INFO] - from application in play-akka.actor.default-dispatcher-32 
Login information has been provided.

2015-05-25 20:35:43,131 - [INFO] - from application in play-akka.actor.default-dispatcher-33 
[yxcv] Play the game.

2015-05-25 20:35:43,135 - [INFO] - from application in play-akka.actor.default-dispatcher-33 
[yxcv] Creating a new game.

2015-05-25 20:35:43,148 - [INFO] - from application in play-akka.actor.default-dispatcher-33 
Start game with 5 categories.

2015-05-25 20:35:46,435 - [INFO] - from application in play-akka.actor.default-dispatcher-33 
[yxcv] Questions selected.

2015-05-25 20:35:49,010 - [INFO] - from application in play-akka.actor.default-dispatcher-36 
[yxcv] Answers submitted.

2015-05-25 20:35:49,155 - [INFO] - from application in play-akka.actor.default-dispatcher-31 
[yxcv] Game over.

2015-05-25 20:35:49,156 - [INFO] - from application in play-akka.actor.default-dispatcher-31 
Start Highscore-Service

2015-05-25 20:35:49,183 - [ERROR] - from com.sun.xml.internal.messaging.saaj.soap.impl in play-akka.actor.default-dispatcher-31 
SAAJ0101: Übergeordnetes Element von SOAPBodyElement muss ein SOAPBody sein

2015-05-25 20:35:49,184 - [ERROR] - from application in play-akka.actor.default-dispatcher-31 
exception 2

2015-05-25 20:35:49,185 - [INFO] - from application in play-akka.actor.default-dispatcher-31 
Start Twitter

2015-05-25 20:35:50,081 - [INFO] - from application in play-akka.actor.default-dispatcher-31 
Twitter post successfull!

2015-05-25 20:36:27,300 - [INFO] - from application in play-internal-execution-context-10 
Application shutdown...

2015-05-25 20:36:27,665 - [INFO] - from play in play-internal-execution-context-10 
datasource [jdbc:h2:mem:play;DB_CLOSE_DELAY=-1] bound to JNDI as DefaultDS

2015-05-25 20:36:27,733 - [INFO] - from play in play-internal-execution-context-10 
database [default] connected at jdbc:h2:mem:play

2015-05-25 20:36:29,326 - [INFO] - from application in play-internal-execution-context-10 
Data from: data.json

2015-05-25 20:36:29,677 - [INFO] - from application in play-internal-execution-context-10 
5 categories from json file 'data.json' inserted.

2015-05-25 20:36:29,683 - [INFO] - from play in play-internal-execution-context-10 
Application started (Dev)

2015-05-25 20:36:31,660 - [INFO] - from application in play-akka.actor.default-dispatcher-35 
[yxcv] Play the game.

2015-05-25 20:36:32,952 - [INFO] - from application in play-akka.actor.default-dispatcher-36 
Go to login page.

2015-05-25 20:36:44,705 - [INFO] - from application in play-akka.actor.default-dispatcher-36 
Go to Registration page.

2015-05-25 20:36:47,593 - [INFO] - from application in play-akka.actor.default-dispatcher-45 
Registration info has been submitted.

2015-05-25 20:36:47,660 - [INFO] - from application in play-akka.actor.default-dispatcher-35 
Go to login page.

2015-05-25 20:36:50,294 - [INFO] - from application in play-akka.actor.default-dispatcher-36 
Login information has been provided.

2015-05-25 20:36:50,381 - [INFO] - from application in play-akka.actor.default-dispatcher-36 
[yxcv] Play the game.

2015-05-25 20:36:50,384 - [INFO] - from application in play-akka.actor.default-dispatcher-36 
[yxcv] Creating a new game.

2015-05-25 20:36:50,392 - [INFO] - from application in play-akka.actor.default-dispatcher-36 
Start game with 5 categories.

2015-05-25 20:36:52,901 - [INFO] - from application in play-akka.actor.default-dispatcher-44 
[yxcv] Questions selected.

2015-05-25 20:36:54,896 - [INFO] - from application in play-akka.actor.default-dispatcher-43 
[yxcv] Answers submitted.

2015-05-25 20:36:54,951 - [INFO] - from application in play-akka.actor.default-dispatcher-40 
[yxcv] Game over.

2015-05-25 20:36:54,952 - [INFO] - from application in play-akka.actor.default-dispatcher-40 
Start Highscore-Service

2015-05-25 20:36:54,970 - [ERROR] - from com.sun.xml.internal.messaging.saaj.soap.impl in play-akka.actor.default-dispatcher-40 
SAAJ0101: Übergeordnetes Element von SOAPBodyElement muss ein SOAPBody sein

2015-05-25 20:36:54,972 - [ERROR] - from application in play-akka.actor.default-dispatcher-40 
exception 2

2015-05-25 20:36:54,974 - [INFO] - from application in play-akka.actor.default-dispatcher-40 
Start Twitter

2015-05-25 20:36:55,931 - [INFO] - from application in play-akka.actor.default-dispatcher-40 
Twitter post successfull!

2015-05-25 20:38:11,582 - [INFO] - from application in play-internal-execution-context-13 
Application shutdown...

2015-05-25 20:38:11,785 - [INFO] - from play in play-internal-execution-context-13 
datasource [jdbc:h2:mem:play;DB_CLOSE_DELAY=-1] bound to JNDI as DefaultDS

2015-05-25 20:38:11,819 - [INFO] - from play in play-internal-execution-context-13 
database [default] connected at jdbc:h2:mem:play

2015-05-25 20:38:12,545 - [INFO] - from application in play-internal-execution-context-13 
Data from: data.json

2015-05-25 20:38:12,632 - [INFO] - from application in play-internal-execution-context-13 
5 categories from json file 'data.json' inserted.

2015-05-25 20:38:12,647 - [INFO] - from play in play-internal-execution-context-13 
Application started (Dev)

2015-05-25 20:38:12,858 - [INFO] - from application in play-akka.actor.default-dispatcher-35 
[yxcv] Play the game.

2015-05-25 20:38:12,904 - [INFO] - from application in play-akka.actor.default-dispatcher-35 
Go to login page.

2015-05-25 20:38:14,240 - [INFO] - from application in play-akka.actor.default-dispatcher-47 
Go to Registration page.

2015-05-25 20:38:16,604 - [INFO] - from application in play-akka.actor.default-dispatcher-53 
Registration info has been submitted.

2015-05-25 20:38:16,704 - [INFO] - from application in play-akka.actor.default-dispatcher-51 
Go to login page.

2015-05-25 20:38:19,181 - [INFO] - from application in play-akka.actor.default-dispatcher-47 
Login information has been provided.

2015-05-25 20:38:19,236 - [INFO] - from application in play-akka.actor.default-dispatcher-50 
[yxcv] Play the game.

2015-05-25 20:38:19,239 - [INFO] - from application in play-akka.actor.default-dispatcher-50 
[yxcv] Creating a new game.

2015-05-25 20:38:19,243 - [INFO] - from application in play-akka.actor.default-dispatcher-50 
Start game with 5 categories.

2015-05-25 20:38:22,068 - [INFO] - from application in play-akka.actor.default-dispatcher-49 
[yxcv] Questions selected.

2015-05-25 20:38:25,032 - [INFO] - from application in play-akka.actor.default-dispatcher-48 
[yxcv] Answers submitted.

2015-05-25 20:38:25,048 - [INFO] - from application in play-akka.actor.default-dispatcher-54 
[yxcv] Game over.

2015-05-25 20:38:25,049 - [INFO] - from application in play-akka.actor.default-dispatcher-54 
Start Highscore-Service

2015-05-25 20:38:25,065 - [ERROR] - from com.sun.xml.internal.messaging.saaj.soap.impl in play-akka.actor.default-dispatcher-54 
SAAJ0101: Übergeordnetes Element von SOAPBodyElement muss ein SOAPBody sein

2015-05-25 20:38:25,066 - [ERROR] - from application in play-akka.actor.default-dispatcher-54 
exception 2

2015-05-25 20:38:25,066 - [INFO] - from application in play-akka.actor.default-dispatcher-54 
Start Twitter

2015-05-25 20:38:25,819 - [INFO] - from application in play-akka.actor.default-dispatcher-54 
Twitter post successfull!

2015-05-25 20:47:32,116 - [INFO] - from application in play-internal-execution-context-16 
Application shutdown...

2015-05-25 20:47:32,422 - [INFO] - from play in play-internal-execution-context-16 
datasource [jdbc:h2:mem:play;DB_CLOSE_DELAY=-1] bound to JNDI as DefaultDS

2015-05-25 20:47:32,444 - [INFO] - from play in play-internal-execution-context-16 
database [default] connected at jdbc:h2:mem:play

2015-05-25 20:47:34,616 - [INFO] - from application in play-internal-execution-context-16 
Data from: data.json

2015-05-25 20:47:35,294 - [INFO] - from application in play-internal-execution-context-16 
5 categories from json file 'data.json' inserted.

2015-05-25 20:47:35,369 - [INFO] - from play in play-internal-execution-context-16 
Application started (Dev)

2015-05-25 20:47:36,072 - [INFO] - from application in play-akka.actor.default-dispatcher-56 
[yxcv] Play the game.

2015-05-25 20:47:36,465 - [INFO] - from application in play-akka.actor.default-dispatcher-57 
Go to login page.

2015-05-25 20:47:40,849 - [INFO] - from application in play-akka.actor.default-dispatcher-49 
Go to Registration page.

2015-05-25 20:47:43,550 - [INFO] - from application in play-akka.actor.default-dispatcher-57 
Registration info has been submitted.

2015-05-25 20:47:43,603 - [INFO] - from application in play-akka.actor.default-dispatcher-59 
Go to login page.

2015-05-25 20:47:46,204 - [INFO] - from application in play-akka.actor.default-dispatcher-49 
Login information has been provided.

2015-05-25 20:47:50,597 - [INFO] - from application in play-akka.actor.default-dispatcher-62 
Login information has been provided.

2015-05-25 20:47:50,654 - [INFO] - from application in play-akka.actor.default-dispatcher-62 
[yxcv] Play the game.

2015-05-25 20:47:50,655 - [INFO] - from application in play-akka.actor.default-dispatcher-62 
[yxcv] Creating a new game.

2015-05-25 20:47:50,667 - [INFO] - from application in play-akka.actor.default-dispatcher-62 
Start game with 5 categories.

2015-05-25 20:47:54,042 - [INFO] - from application in play-akka.actor.default-dispatcher-61 
[yxcv] Questions selected.

2015-05-25 20:47:56,221 - [INFO] - from application in play-akka.actor.default-dispatcher-59 
[yxcv] Answers submitted.

2015-05-25 20:47:56,240 - [INFO] - from application in play-akka.actor.default-dispatcher-64 
[yxcv] Game over.

2015-05-25 20:47:56,241 - [INFO] - from application in play-akka.actor.default-dispatcher-64 
Start Highscore-Service

2015-05-25 20:47:57,584 - [ERROR] - from com.sun.xml.internal.messaging.saaj.soap in play-akka.actor.default-dispatcher-64 
SAAJ0537: Ungültiger Content-Type. Könnte eine Fehlermeldung anstelle einer SOAP-Nachricht sein

2015-05-25 20:47:57,586 - [ERROR] - from application in play-akka.actor.default-dispatcher-64 
exception 2

2015-05-25 20:47:57,586 - [INFO] - from application in play-akka.actor.default-dispatcher-64 
Start Twitter

2015-05-25 20:47:58,563 - [INFO] - from application in play-akka.actor.default-dispatcher-64 
Twitter post successfull!

2015-05-25 20:50:12,676 - [INFO] - from application in play-internal-execution-context-21 
Application shutdown...

2015-05-25 20:50:12,976 - [INFO] - from play in play-internal-execution-context-21 
datasource [jdbc:h2:mem:play;DB_CLOSE_DELAY=-1] bound to JNDI as DefaultDS

2015-05-25 20:50:12,979 - [INFO] - from play in play-internal-execution-context-21 
database [default] connected at jdbc:h2:mem:play

2015-05-25 20:50:14,230 - [INFO] - from application in play-internal-execution-context-21 
Data from: data.json

2015-05-25 20:50:14,302 - [INFO] - from application in play-internal-execution-context-21 
5 categories from json file 'data.json' inserted.

2015-05-25 20:50:14,307 - [INFO] - from play in play-internal-execution-context-21 
Application started (Dev)

2015-05-25 20:50:14,487 - [INFO] - from application in play-akka.actor.default-dispatcher-65 
[yxcv] Play the game.

2015-05-25 20:50:14,629 - [INFO] - from application in play-akka.actor.default-dispatcher-60 
Go to login page.

2015-05-25 20:50:17,131 - [INFO] - from application in play-akka.actor.default-dispatcher-70 
Go to Registration page.

2015-05-25 20:50:20,774 - [INFO] - from application in play-akka.actor.default-dispatcher-66 
Registration info has been submitted.

2015-05-25 20:50:20,868 - [INFO] - from application in play-akka.actor.default-dispatcher-65 
Go to login page.

2015-05-25 20:50:23,522 - [INFO] - from application in play-akka.actor.default-dispatcher-70 
Login information has been provided.

2015-05-25 20:50:23,604 - [INFO] - from application in play-akka.actor.default-dispatcher-69 
[yxcv] Play the game.

2015-05-25 20:50:23,606 - [INFO] - from application in play-akka.actor.default-dispatcher-69 
[yxcv] Creating a new game.

2015-05-25 20:50:23,611 - [INFO] - from application in play-akka.actor.default-dispatcher-69 
Start game with 5 categories.

2015-05-25 20:50:26,255 - [INFO] - from application in play-akka.actor.default-dispatcher-72 
[yxcv] Questions selected.

2015-05-25 20:50:28,893 - [INFO] - from application in play-akka.actor.default-dispatcher-65 
[yxcv] Answers submitted.

2015-05-25 20:50:28,983 - [INFO] - from application in play-akka.actor.default-dispatcher-70 
[yxcv] Game over.

2015-05-25 20:50:28,984 - [INFO] - from application in play-akka.actor.default-dispatcher-70 
Start Highscore-Service

2015-05-25 20:50:29,340 - [ERROR] - from com.sun.xml.internal.messaging.saaj.soap in play-akka.actor.default-dispatcher-70 
SAAJ0537: Ungültiger Content-Type. Könnte eine Fehlermeldung anstelle einer SOAP-Nachricht sein

2015-05-25 20:50:29,341 - [ERROR] - from application in play-akka.actor.default-dispatcher-70 
exception 2

2015-05-25 20:50:29,341 - [INFO] - from application in play-akka.actor.default-dispatcher-70 
Start Twitter

2015-05-25 20:50:30,147 - [INFO] - from application in play-akka.actor.default-dispatcher-70 
Twitter post successfull!

2015-05-25 20:51:06,688 - [INFO] - from application in play-internal-execution-context-21 
Application shutdown...

2015-05-25 20:51:06,894 - [INFO] - from play in play-internal-execution-context-21 
datasource [jdbc:h2:mem:play;DB_CLOSE_DELAY=-1] bound to JNDI as DefaultDS

2015-05-25 20:51:06,898 - [INFO] - from play in play-internal-execution-context-21 
database [default] connected at jdbc:h2:mem:play

2015-05-25 20:51:08,983 - [INFO] - from application in play-internal-execution-context-21 
Data from: data.json

2015-05-25 20:51:09,281 - [INFO] - from application in play-internal-execution-context-21 
5 categories from json file 'data.json' inserted.

2015-05-25 20:51:09,285 - [INFO] - from play in play-internal-execution-context-21 
Application started (Dev)

2015-05-25 20:51:09,535 - [INFO] - from application in play-akka.actor.default-dispatcher-71 
[yxcv] Play the game.

2015-05-25 20:51:09,573 - [INFO] - from application in play-akka.actor.default-dispatcher-60 
Go to login page.

2015-05-25 20:51:11,849 - [INFO] - from application in play-akka.actor.default-dispatcher-71 
Go to Registration page.

2015-05-25 20:51:15,308 - [INFO] - from application in play-akka.actor.default-dispatcher-60 
Registration info has been submitted.

2015-05-25 20:51:15,355 - [INFO] - from application in play-akka.actor.default-dispatcher-60 
Go to login page.

2015-05-25 20:51:18,457 - [INFO] - from application in play-akka.actor.default-dispatcher-77 
Login information has been provided.

2015-05-25 20:51:18,514 - [INFO] - from application in play-akka.actor.default-dispatcher-77 
[yxcv] Play the game.

2015-05-25 20:51:18,516 - [INFO] - from application in play-akka.actor.default-dispatcher-77 
[yxcv] Creating a new game.

2015-05-25 20:51:18,532 - [INFO] - from application in play-akka.actor.default-dispatcher-77 
Start game with 5 categories.

2015-05-25 20:51:21,467 - [INFO] - from application in play-akka.actor.default-dispatcher-78 
[yxcv] Questions selected.

2015-05-25 20:51:24,550 - [INFO] - from application in play-akka.actor.default-dispatcher-75 
[yxcv] Answers submitted.

2015-05-25 20:51:24,581 - [INFO] - from application in play-akka.actor.default-dispatcher-79 
[yxcv] Game over.

2015-05-25 20:51:24,582 - [INFO] - from application in play-akka.actor.default-dispatcher-79 
Start Highscore-Service

2015-05-25 20:51:24,881 - [ERROR] - from com.sun.xml.internal.messaging.saaj.soap in play-akka.actor.default-dispatcher-79 
SAAJ0537: Ungültiger Content-Type. Könnte eine Fehlermeldung anstelle einer SOAP-Nachricht sein

2015-05-25 20:51:24,882 - [ERROR] - from application in play-akka.actor.default-dispatcher-79 
exception 2

2015-05-25 20:51:24,882 - [INFO] - from application in play-akka.actor.default-dispatcher-79 
Start Twitter

2015-05-25 20:51:25,687 - [INFO] - from application in play-akka.actor.default-dispatcher-79 
Twitter post successfull!

2015-05-25 20:53:01,036 - [INFO] - from application in play-internal-execution-context-25 
Application shutdown...

2015-05-25 20:53:01,186 - [INFO] - from play in play-internal-execution-context-25 
datasource [jdbc:h2:mem:play;DB_CLOSE_DELAY=-1] bound to JNDI as DefaultDS

2015-05-25 20:53:01,196 - [INFO] - from play in play-internal-execution-context-25 
database [default] connected at jdbc:h2:mem:play

2015-05-25 20:53:02,101 - [INFO] - from application in play-internal-execution-context-25 
Data from: data.json

2015-05-25 20:53:02,308 - [INFO] - from application in play-internal-execution-context-25 
5 categories from json file 'data.json' inserted.

2015-05-25 20:53:02,314 - [INFO] - from play in play-internal-execution-context-25 
Application started (Dev)

2015-05-25 20:53:02,395 - [INFO] - from application in play-akka.actor.default-dispatcher-75 
[yxcv] Play the game.

2015-05-25 20:53:02,448 - [INFO] - from application in play-akka.actor.default-dispatcher-75 
Go to login page.

2015-05-25 20:53:04,267 - [INFO] - from application in play-akka.actor.default-dispatcher-75 
Go to Registration page.

2015-05-25 20:53:07,636 - [INFO] - from application in play-akka.actor.default-dispatcher-86 
Registration info has been submitted.

2015-05-25 20:53:07,741 - [INFO] - from application in play-akka.actor.default-dispatcher-75 
Go to login page.

2015-05-25 20:53:10,495 - [INFO] - from application in play-akka.actor.default-dispatcher-87 
Login information has been provided.

2015-05-25 20:53:10,594 - [INFO] - from application in play-akka.actor.default-dispatcher-87 
[yxcv] Play the game.

2015-05-25 20:53:10,600 - [INFO] - from application in play-akka.actor.default-dispatcher-87 
[yxcv] Creating a new game.

2015-05-25 20:53:10,609 - [INFO] - from application in play-akka.actor.default-dispatcher-87 
Start game with 5 categories.

2015-05-25 20:53:13,351 - [INFO] - from application in play-akka.actor.default-dispatcher-88 
[yxcv] Questions selected.

2015-05-25 20:53:16,077 - [INFO] - from application in play-akka.actor.default-dispatcher-75 
[yxcv] Answers submitted.

2015-05-25 20:53:16,129 - [INFO] - from application in play-akka.actor.default-dispatcher-84 
[yxcv] Game over.

2015-05-25 20:53:16,129 - [INFO] - from application in play-akka.actor.default-dispatcher-84 
Start Highscore-Service

2015-05-25 20:53:16,901 - [ERROR] - from com.sun.xml.internal.messaging.saaj.soap in play-akka.actor.default-dispatcher-84 
SAAJ0537: Ungültiger Content-Type. Könnte eine Fehlermeldung anstelle einer SOAP-Nachricht sein

2015-05-25 20:53:16,901 - [ERROR] - from application in play-akka.actor.default-dispatcher-84 
exception 2

2015-05-25 20:53:16,901 - [INFO] - from application in play-akka.actor.default-dispatcher-84 
Start Twitter

2015-05-25 20:53:17,625 - [INFO] - from application in play-akka.actor.default-dispatcher-84 
Twitter post successfull!

2015-05-25 20:58:24,812 - [INFO] - from application in play-internal-execution-context-30 
Application shutdown...

2015-05-25 20:58:24,997 - [INFO] - from play in play-internal-execution-context-30 
datasource [jdbc:h2:mem:play;DB_CLOSE_DELAY=-1] bound to JNDI as DefaultDS

2015-05-25 20:58:25,006 - [INFO] - from play in play-internal-execution-context-30 
database [default] connected at jdbc:h2:mem:play

2015-05-25 20:58:25,824 - [INFO] - from application in play-internal-execution-context-30 
Data from: data.json

2015-05-25 20:58:25,882 - [INFO] - from application in play-internal-execution-context-30 
5 categories from json file 'data.json' inserted.

2015-05-25 20:58:25,885 - [INFO] - from play in play-internal-execution-context-30 
Application started (Dev)

2015-05-25 20:58:26,016 - [INFO] - from application in play-akka.actor.default-dispatcher-91 
[yxcv] Play the game.

2015-05-25 20:58:26,051 - [INFO] - from application in play-akka.actor.default-dispatcher-84 
Go to login page.

2015-05-25 20:58:28,025 - [INFO] - from application in play-akka.actor.default-dispatcher-91 
Go to Registration page.

2015-05-25 20:58:31,667 - [INFO] - from application in play-akka.actor.default-dispatcher-91 
Registration info has been submitted.

2015-05-25 20:58:31,939 - [INFO] - from application in play-akka.actor.default-dispatcher-84 
Go to login page.

2015-05-25 20:58:34,893 - [INFO] - from application in play-akka.actor.default-dispatcher-97 
Login information has been provided.

2015-05-25 20:58:34,942 - [INFO] - from application in play-akka.actor.default-dispatcher-97 
[yxcv] Play the game.

2015-05-25 20:58:34,944 - [INFO] - from application in play-akka.actor.default-dispatcher-97 
[yxcv] Creating a new game.

2015-05-25 20:58:34,953 - [INFO] - from application in play-akka.actor.default-dispatcher-97 
Start game with 5 categories.

2015-05-25 20:58:38,016 - [INFO] - from application in play-akka.actor.default-dispatcher-96 
[yxcv] Questions selected.

2015-05-25 20:58:40,951 - [INFO] - from application in play-akka.actor.default-dispatcher-96 
[yxcv] Answers submitted.

2015-05-25 20:58:41,000 - [INFO] - from application in play-akka.actor.default-dispatcher-84 
[yxcv] Game over.

2015-05-25 20:58:41,001 - [INFO] - from application in play-akka.actor.default-dispatcher-84 
Start Highscore-Service

2015-05-25 20:58:41,356 - [ERROR] - from com.sun.xml.internal.messaging.saaj.soap in play-akka.actor.default-dispatcher-84 
SAAJ0537: Ungültiger Content-Type. Könnte eine Fehlermeldung anstelle einer SOAP-Nachricht sein

2015-05-25 20:58:41,356 - [ERROR] - from application in play-akka.actor.default-dispatcher-84 
exception 2

2015-05-25 20:58:41,356 - [INFO] - from application in play-akka.actor.default-dispatcher-84 
Start Twitter

2015-05-25 20:58:42,156 - [INFO] - from application in play-akka.actor.default-dispatcher-84 
Twitter post successfull!

2015-05-25 21:02:03,389 - [INFO] - from application in play-internal-execution-context-33 
Application shutdown...

2015-05-25 21:02:03,689 - [INFO] - from play in play-internal-execution-context-33 
datasource [jdbc:h2:mem:play;DB_CLOSE_DELAY=-1] bound to JNDI as DefaultDS

2015-05-25 21:02:03,697 - [INFO] - from play in play-internal-execution-context-33 
database [default] connected at jdbc:h2:mem:play

2015-05-25 21:02:04,812 - [INFO] - from application in play-internal-execution-context-33 
Data from: data.json

2015-05-25 21:02:04,933 - [INFO] - from application in play-internal-execution-context-33 
5 categories from json file 'data.json' inserted.

2015-05-25 21:02:04,937 - [INFO] - from play in play-internal-execution-context-33 
Application started (Dev)

2015-05-25 21:02:04,999 - [INFO] - from application in play-akka.actor.default-dispatcher-94 
[yxcv] Play the game.

2015-05-25 21:02:05,113 - [INFO] - from application in play-akka.actor.default-dispatcher-100 
Go to login page.

2015-05-25 21:02:07,361 - [INFO] - from application in play-akka.actor.default-dispatcher-105 
Go to Registration page.

2015-05-25 21:02:10,560 - [INFO] - from application in play-akka.actor.default-dispatcher-101 
Registration info has been submitted.

2015-05-25 21:02:10,776 - [INFO] - from application in play-akka.actor.default-dispatcher-100 
Go to login page.

2015-05-25 21:02:13,564 - [INFO] - from application in play-akka.actor.default-dispatcher-105 
Login information has been provided.

2015-05-25 21:02:13,664 - [INFO] - from application in play-akka.actor.default-dispatcher-105 
[yxcv] Play the game.

2015-05-25 21:02:13,668 - [INFO] - from application in play-akka.actor.default-dispatcher-105 
[yxcv] Creating a new game.

2015-05-25 21:02:13,673 - [INFO] - from application in play-akka.actor.default-dispatcher-105 
Start game with 5 categories.

2015-05-25 21:02:16,012 - [INFO] - from application in play-akka.actor.default-dispatcher-105 
[yxcv] Questions selected.

2015-05-25 21:02:18,461 - [INFO] - from application in play-akka.actor.default-dispatcher-100 
[yxcv] Answers submitted.

2015-05-25 21:02:18,571 - [INFO] - from application in play-akka.actor.default-dispatcher-101 
[yxcv] Game over.

2015-05-25 21:02:18,572 - [INFO] - from application in play-akka.actor.default-dispatcher-101 
Start Highscore-Service

2015-05-25 21:02:19,483 - [ERROR] - from com.sun.xml.internal.messaging.saaj.soap in play-akka.actor.default-dispatcher-101 
SAAJ0537: Ungültiger Content-Type. Könnte eine Fehlermeldung anstelle einer SOAP-Nachricht sein

2015-05-25 21:02:19,483 - [ERROR] - from application in play-akka.actor.default-dispatcher-101 
exception 2

2015-05-25 21:02:19,484 - [INFO] - from application in play-akka.actor.default-dispatcher-101 
Start Twitter

2015-05-25 21:02:20,271 - [INFO] - from application in play-akka.actor.default-dispatcher-101 
Twitter post successfull!

2015-05-25 21:29:01,422 - [INFO] - from application in play-internal-execution-context-33 
Application shutdown...

2015-05-25 21:29:01,948 - [INFO] - from play in play-internal-execution-context-33 
datasource [jdbc:h2:mem:play;DB_CLOSE_DELAY=-1] bound to JNDI as DefaultDS

2015-05-25 21:29:01,968 - [INFO] - from play in play-internal-execution-context-33 
database [default] connected at jdbc:h2:mem:play

2015-05-25 21:29:03,138 - [INFO] - from application in play-internal-execution-context-33 
Data from: data.json

2015-05-25 21:29:03,437 - [INFO] - from application in play-internal-execution-context-33 
5 categories from json file 'data.json' inserted.

2015-05-25 21:29:03,469 - [INFO] - from play in play-internal-execution-context-33 
Application started (Dev)

2015-05-25 21:29:04,081 - [INFO] - from application in play-akka.actor.default-dispatcher-107 
[yxcv] Play the game.

2015-05-25 21:29:04,621 - [INFO] - from application in play-akka.actor.default-dispatcher-107 
Go to login page.

2015-05-25 21:29:07,929 - [INFO] - from application in play-akka.actor.default-dispatcher-108 
Go to Registration page.

2015-05-25 21:29:11,733 - [INFO] - from application in play-akka.actor.default-dispatcher-102 
Registration info has been submitted.

2015-05-25 21:29:11,919 - [INFO] - from application in play-akka.actor.default-dispatcher-108 
Go to login page.

2015-05-25 21:29:14,729 - [INFO] - from application in play-akka.actor.default-dispatcher-112 
Login information has been provided.

2015-05-25 21:29:14,837 - [INFO] - from application in play-akka.actor.default-dispatcher-112 
[yxcv] Play the game.

2015-05-25 21:29:14,845 - [INFO] - from application in play-akka.actor.default-dispatcher-112 
[yxcv] Creating a new game.

2015-05-25 21:29:14,873 - [INFO] - from application in play-akka.actor.default-dispatcher-112 
Start game with 5 categories.

2015-05-25 21:29:17,745 - [INFO] - from application in play-akka.actor.default-dispatcher-113 
[yxcv] Questions selected.

2015-05-25 21:29:21,018 - [INFO] - from application in play-akka.actor.default-dispatcher-112 
[yxcv] Answers submitted.

2015-05-25 21:29:21,109 - [INFO] - from application in play-akka.actor.default-dispatcher-102 
[yxcv] Game over.

2015-05-25 21:29:21,109 - [INFO] - from application in play-akka.actor.default-dispatcher-102 
Start Highscore-Service

2015-05-25 21:29:21,511 - [ERROR] - from com.sun.xml.internal.messaging.saaj.soap in play-akka.actor.default-dispatcher-102 
SAAJ0537: Ungültiger Content-Type. Könnte eine Fehlermeldung anstelle einer SOAP-Nachricht sein

2015-05-25 21:29:21,513 - [ERROR] - from application in play-akka.actor.default-dispatcher-102 
exception 2

2015-05-25 21:29:21,513 - [INFO] - from application in play-akka.actor.default-dispatcher-102 
Start Twitter

2015-05-25 21:29:22,406 - [INFO] - from application in play-akka.actor.default-dispatcher-102 
Twitter post successfull!

2015-05-25 21:35:04,914 - [INFO] - from application in play-internal-execution-context-38 
Application shutdown...

2015-05-25 21:35:05,104 - [INFO] - from play in play-internal-execution-context-38 
datasource [jdbc:h2:mem:play;DB_CLOSE_DELAY=-1] bound to JNDI as DefaultDS

2015-05-25 21:35:05,108 - [INFO] - from play in play-internal-execution-context-38 
database [default] connected at jdbc:h2:mem:play

2015-05-25 21:35:05,767 - [INFO] - from application in play-internal-execution-context-38 
Data from: data.json

2015-05-25 21:35:05,850 - [INFO] - from application in play-internal-execution-context-38 
5 categories from json file 'data.json' inserted.

2015-05-25 21:35:05,854 - [INFO] - from play in play-internal-execution-context-38 
Application started (Dev)

2015-05-25 21:35:05,934 - [INFO] - from application in play-akka.actor.default-dispatcher-108 
[yxcv] Play the game.

2015-05-25 21:35:05,991 - [INFO] - from application in play-akka.actor.default-dispatcher-118 
Go to login page.

2015-05-25 21:35:11,363 - [INFO] - from application in play-akka.actor.default-dispatcher-118 
Go to Registration page.

2015-05-25 21:35:15,202 - [INFO] - from application in play-akka.actor.default-dispatcher-120 
Registration info has been submitted.

2015-05-25 21:35:15,354 - [INFO] - from application in play-akka.actor.default-dispatcher-118 
Go to login page.

2015-05-25 21:35:19,443 - [INFO] - from application in play-akka.actor.default-dispatcher-119 
Login information has been provided.

2015-05-25 21:35:19,550 - [INFO] - from application in play-akka.actor.default-dispatcher-119 
[yxcv] Play the game.

2015-05-25 21:35:19,552 - [INFO] - from application in play-akka.actor.default-dispatcher-119 
[yxcv] Creating a new game.

2015-05-25 21:35:19,559 - [INFO] - from application in play-akka.actor.default-dispatcher-119 
Start game with 5 categories.

2015-05-25 21:35:21,966 - [INFO] - from application in play-akka.actor.default-dispatcher-120 
[yxcv] Questions selected.

2015-05-25 21:35:24,368 - [INFO] - from application in play-akka.actor.default-dispatcher-125 
[yxcv] Answers submitted.

2015-05-25 21:35:24,451 - [INFO] - from application in play-akka.actor.default-dispatcher-118 
[yxcv] Game over.

2015-05-25 21:35:24,452 - [INFO] - from application in play-akka.actor.default-dispatcher-118 
Start Highscore-Service

2015-05-25 21:35:24,874 - [ERROR] - from com.sun.xml.internal.messaging.saaj.soap in play-akka.actor.default-dispatcher-118 
SAAJ0537: Ungültiger Content-Type. Könnte eine Fehlermeldung anstelle einer SOAP-Nachricht sein

2015-05-25 21:35:24,875 - [ERROR] - from application in play-akka.actor.default-dispatcher-118 
exception 2

2015-05-25 21:35:24,875 - [INFO] - from application in play-akka.actor.default-dispatcher-118 
Start Twitter

2015-05-25 21:35:25,653 - [INFO] - from application in play-akka.actor.default-dispatcher-118 
Twitter post successfull!

2015-05-25 22:00:30,058 - [INFO] - from application in play-internal-execution-context-39 
Application shutdown...

2015-05-25 22:00:31,065 - [INFO] - from play in play-internal-execution-context-39 
datasource [jdbc:h2:mem:play;DB_CLOSE_DELAY=-1] bound to JNDI as DefaultDS

2015-05-25 22:00:31,084 - [INFO] - from play in play-internal-execution-context-39 
database [default] connected at jdbc:h2:mem:play

2015-05-25 22:00:33,261 - [INFO] - from application in play-internal-execution-context-39 
Data from: data.json

2015-05-25 22:00:33,622 - [INFO] - from application in play-internal-execution-context-39 
5 categories from json file 'data.json' inserted.

2015-05-25 22:00:33,766 - [INFO] - from play in play-internal-execution-context-39 
Application started (Dev)

2015-05-25 22:00:34,914 - [INFO] - from application in play-akka.actor.default-dispatcher-120 
[yxcv] Play the game.

2015-05-25 22:00:35,195 - [INFO] - from application in play-akka.actor.default-dispatcher-126 
Go to login page.

2015-05-25 22:00:38,346 - [INFO] - from application in play-akka.actor.default-dispatcher-128 
Go to Registration page.

2015-05-25 22:00:41,192 - [INFO] - from application in play-akka.actor.default-dispatcher-126 
Registration info has been submitted.

2015-05-25 22:00:41,270 - [INFO] - from application in play-akka.actor.default-dispatcher-127 
Go to login page.

2015-05-25 22:00:43,712 - [INFO] - from application in play-akka.actor.default-dispatcher-131 
Login information has been provided.

2015-05-25 22:00:43,772 - [INFO] - from application in play-akka.actor.default-dispatcher-129 
[yxcv] Play the game.

2015-05-25 22:00:43,780 - [INFO] - from application in play-akka.actor.default-dispatcher-129 
[yxcv] Creating a new game.

2015-05-25 22:00:43,791 - [INFO] - from application in play-akka.actor.default-dispatcher-129 
Start game with 5 categories.

2015-05-25 22:00:47,689 - [INFO] - from application in play-akka.actor.default-dispatcher-132 
[yxcv] Questions selected.

2015-05-25 22:00:50,564 - [INFO] - from application in play-akka.actor.default-dispatcher-120 
[yxcv] Answers submitted.

2015-05-25 22:00:50,606 - [INFO] - from application in play-akka.actor.default-dispatcher-132 
[yxcv] Game over.

2015-05-25 22:00:50,609 - [INFO] - from application in play-akka.actor.default-dispatcher-132 
Start Highscore-Service

2015-05-25 22:00:50,976 - [ERROR] - from com.sun.xml.internal.messaging.saaj.soap in play-akka.actor.default-dispatcher-132 
SAAJ0537: Ungültiger Content-Type. Könnte eine Fehlermeldung anstelle einer SOAP-Nachricht sein

2015-05-25 22:00:50,977 - [ERROR] - from application in play-akka.actor.default-dispatcher-132 
exception 2

2015-05-25 22:00:50,977 - [INFO] - from application in play-akka.actor.default-dispatcher-132 
Start Twitter

2015-05-25 22:00:52,016 - [INFO] - from application in play-akka.actor.default-dispatcher-132 
Twitter post successfull!

2015-05-25 22:02:56,469 - [INFO] - from application in play-internal-execution-context-39 
Application shutdown...

2015-05-25 22:02:56,848 - [INFO] - from play in play-internal-execution-context-39 
datasource [jdbc:h2:mem:play;DB_CLOSE_DELAY=-1] bound to JNDI as DefaultDS

2015-05-25 22:02:56,860 - [INFO] - from play in play-internal-execution-context-39 
database [default] connected at jdbc:h2:mem:play

2015-05-25 22:02:57,444 - [INFO] - from application in play-internal-execution-context-39 
Data from: data.json

2015-05-25 22:02:57,490 - [INFO] - from application in play-internal-execution-context-39 
5 categories from json file 'data.json' inserted.

2015-05-25 22:02:57,494 - [INFO] - from play in play-internal-execution-context-39 
Application started (Dev)

2015-05-25 22:02:57,754 - [INFO] - from application in play-akka.actor.default-dispatcher-136 
[yxcv] Play the game.

2015-05-25 22:02:57,892 - [INFO] - from application in play-akka.actor.default-dispatcher-126 
Go to login page.

2015-05-25 22:03:00,492 - [INFO] - from application in play-akka.actor.default-dispatcher-137 
Go to Registration page.

2015-05-25 22:03:04,232 - [INFO] - from application in play-akka.actor.default-dispatcher-137 
Registration info has been submitted.

2015-05-25 22:03:04,341 - [INFO] - from application in play-akka.actor.default-dispatcher-135 
Go to login page.

2015-05-25 22:03:07,555 - [INFO] - from application in play-akka.actor.default-dispatcher-139 
Login information has been provided.

2015-05-25 22:03:07,658 - [INFO] - from application in play-akka.actor.default-dispatcher-139 
[yxcv] Play the game.

2015-05-25 22:03:07,665 - [INFO] - from application in play-akka.actor.default-dispatcher-139 
[yxcv] Creating a new game.

2015-05-25 22:03:07,674 - [INFO] - from application in play-akka.actor.default-dispatcher-139 
Start game with 5 categories.

2015-05-25 22:03:10,431 - [INFO] - from application in play-akka.actor.default-dispatcher-126 
[yxcv] Questions selected.

2015-05-25 22:03:13,144 - [INFO] - from application in play-akka.actor.default-dispatcher-126 
[yxcv] Answers submitted.

2015-05-25 22:03:13,223 - [INFO] - from application in play-akka.actor.default-dispatcher-126 
[yxcv] Game over.

2015-05-25 22:03:13,223 - [INFO] - from application in play-akka.actor.default-dispatcher-126 
Start Highscore-Service

2015-05-25 22:03:13,922 - [ERROR] - from com.sun.xml.internal.messaging.saaj.soap in play-akka.actor.default-dispatcher-126 
SAAJ0537: Ungültiger Content-Type. Könnte eine Fehlermeldung anstelle einer SOAP-Nachricht sein

2015-05-25 22:03:13,923 - [ERROR] - from application in play-akka.actor.default-dispatcher-126 
exception 2

2015-05-25 22:03:13,923 - [INFO] - from application in play-akka.actor.default-dispatcher-126 
Start Twitter

2015-05-25 22:03:14,694 - [INFO] - from application in play-akka.actor.default-dispatcher-126 
Twitter post successfull!

2015-05-25 22:04:41,671 - [INFO] - from application in play-internal-execution-context-44 
Application shutdown...

2015-05-25 22:04:41,859 - [INFO] - from play in play-internal-execution-context-44 
datasource [jdbc:h2:mem:play;DB_CLOSE_DELAY=-1] bound to JNDI as DefaultDS

2015-05-25 22:04:41,862 - [INFO] - from play in play-internal-execution-context-44 
database [default] connected at jdbc:h2:mem:play

2015-05-25 22:04:42,596 - [INFO] - from application in play-internal-execution-context-44 
Data from: data.json

2015-05-25 22:04:42,640 - [INFO] - from application in play-internal-execution-context-44 
5 categories from json file 'data.json' inserted.

2015-05-25 22:04:42,644 - [INFO] - from play in play-internal-execution-context-44 
Application started (Dev)

2015-05-25 22:04:43,270 - [INFO] - from application in play-akka.actor.default-dispatcher-137 
[yxcv] Play the game.

2015-05-25 22:04:43,434 - [INFO] - from application in play-akka.actor.default-dispatcher-144 
Go to login page.

2015-05-25 22:04:48,466 - [INFO] - from application in play-akka.actor.default-dispatcher-146 
Go to Registration page.

2015-05-25 22:04:53,686 - [INFO] - from application in play-akka.actor.default-dispatcher-144 
Registration info has been submitted.

2015-05-25 22:04:53,753 - [INFO] - from application in play-akka.actor.default-dispatcher-144 
Go to login page.

2015-05-25 22:04:56,062 - [INFO] - from application in play-akka.actor.default-dispatcher-147 
Login information has been provided.

2015-05-25 22:04:56,115 - [INFO] - from application in play-akka.actor.default-dispatcher-143 
[yxcv] Play the game.

2015-05-25 22:04:56,117 - [INFO] - from application in play-akka.actor.default-dispatcher-143 
[yxcv] Creating a new game.

2015-05-25 22:04:56,128 - [INFO] - from application in play-akka.actor.default-dispatcher-143 
Start game with 5 categories.

2015-05-25 22:04:58,298 - [INFO] - from application in play-akka.actor.default-dispatcher-137 
[yxcv] Questions selected.

2015-05-25 22:05:00,405 - [INFO] - from application in play-akka.actor.default-dispatcher-143 
[yxcv] Answers submitted.

2015-05-25 22:05:00,472 - [INFO] - from application in play-akka.actor.default-dispatcher-146 
[yxcv] Game over.

2015-05-25 22:05:00,473 - [INFO] - from application in play-akka.actor.default-dispatcher-146 
Start Highscore-Service

2015-05-25 22:05:00,577 - [ERROR] - from play in play-akka.actor.default-dispatcher-146 
Cannot invoke the action, eventually got an error: org.w3c.dom.DOMException: NAMESPACE_ERR: Es wurde versucht, ein Objekt auf eine Weise zu erstellen oder zu ändern, die falsch in Bezug auf Namespaces ist.

2015-05-25 22:05:00,748 - [ERROR] - from application in play-akka.actor.default-dispatcher-146 


! @6m9boad8f - Internal server error, for (GET) [/jeopardy/gameover] ->

play.api.Application$$anon$1: Execution exception[[DOMException: NAMESPACE_ERR: Es wurde versucht, ein Objekt auf eine Weise zu erstellen oder zu ändern, die falsch in Bezug auf Namespaces ist.]]
	at play.api.Application$class.handleError(Application.scala:296) ~[play_2.11-2.3.8.jar:2.3.8]
	at play.api.DefaultApplication.handleError(Application.scala:402) [play_2.11-2.3.8.jar:2.3.8]
	at play.core.server.netty.PlayDefaultUpstreamHandler$$anonfun$3$$anonfun$applyOrElse$4.apply(PlayDefaultUpstreamHandler.scala:320) [play_2.11-2.3.8.jar:2.3.8]
	at play.core.server.netty.PlayDefaultUpstreamHandler$$anonfun$3$$anonfun$applyOrElse$4.apply(PlayDefaultUpstreamHandler.scala:320) [play_2.11-2.3.8.jar:2.3.8]
	at scala.Option.map(Option.scala:145) [scala-library-2.11.1.jar:na]
	at play.core.server.netty.PlayDefaultUpstreamHandler$$anonfun$3.applyOrElse(PlayDefaultUpstreamHandler.scala:320) [play_2.11-2.3.8.jar:2.3.8]
	at play.core.server.netty.PlayDefaultUpstreamHandler$$anonfun$3.applyOrElse(PlayDefaultUpstreamHandler.scala:316) [play_2.11-2.3.8.jar:2.3.8]
	at scala.concurrent.Future$$anonfun$recoverWith$1.apply(Future.scala:344) [scala-library-2.11.1.jar:na]
	at scala.concurrent.Future$$anonfun$recoverWith$1.apply(Future.scala:343) [scala-library-2.11.1.jar:na]
	at scala.concurrent.impl.CallbackRunnable.run(Promise.scala:32) [scala-library-2.11.1.jar:na]
	at play.api.libs.iteratee.Execution$trampoline$.execute(Execution.scala:46) [play-iteratees_2.11-2.3.8.jar:2.3.8]
	at scala.concurrent.impl.CallbackRunnable.executeWithValue(Promise.scala:40) [scala-library-2.11.1.jar:na]
	at scala.concurrent.impl.Promise$DefaultPromise.tryComplete(Promise.scala:248) [scala-library-2.11.1.jar:na]
	at scala.concurrent.Promise$class.complete(Promise.scala:55) [scala-library-2.11.1.jar:na]
	at scala.concurrent.impl.Promise$DefaultPromise.complete(Promise.scala:153) [scala-library-2.11.1.jar:na]
	at scala.concurrent.impl.Future$PromiseCompletingRunnable.run(Future.scala:23) [scala-library-2.11.1.jar:na]
	at akka.dispatch.TaskInvocation.run(AbstractDispatcher.scala:41) [akka-actor_2.11-2.3.4.jar:na]
	at akka.dispatch.ForkJoinExecutorConfigurator$AkkaForkJoinTask.exec(AbstractDispatcher.scala:393) [akka-actor_2.11-2.3.4.jar:na]
	at scala.concurrent.forkjoin.ForkJoinTask.doExec(ForkJoinTask.java:260) [scala-library-2.11.1.jar:na]
	at scala.concurrent.forkjoin.ForkJoinPool$WorkQueue.runTask(ForkJoinPool.java:1339) [scala-library-2.11.1.jar:na]
	at scala.concurrent.forkjoin.ForkJoinPool.runWorker(ForkJoinPool.java:1979) [scala-library-2.11.1.jar:na]
	at scala.concurrent.forkjoin.ForkJoinWorkerThread.run(ForkJoinWorkerThread.java:107) [scala-library-2.11.1.jar:na]
Caused by: org.w3c.dom.DOMException: NAMESPACE_ERR: Es wurde versucht, ein Objekt auf eine Weise zu erstellen oder zu ändern, die falsch in Bezug auf Namespaces ist.
	at com.sun.org.apache.xerces.internal.dom.ElementNSImpl.setName(ElementNSImpl.java:153) ~[na:1.8.0_40]
	at com.sun.org.apache.xerces.internal.dom.ElementNSImpl.<init>(ElementNSImpl.java:84) ~[na:1.8.0_40]
	at com.sun.xml.internal.messaging.saaj.soap.impl.ElementImpl.<init>(ElementImpl.java:98) ~[na:1.8.0_40]
	at com.sun.xml.internal.messaging.saaj.soap.impl.ElementFactory.createElement(ElementFactory.java:82) ~[na:1.8.0_40]
	at com.sun.xml.internal.messaging.saaj.soap.SOAPDocumentImpl.createElement(SOAPDocumentImpl.java:98) ~[na:1.8.0_40]
	at com.sun.xml.internal.messaging.saaj.soap.impl.ElementImpl.createElement(ElementImpl.java:393) ~[na:1.8.0_40]
	at com.sun.xml.internal.messaging.saaj.soap.impl.ElementImpl.addElement(ElementImpl.java:373) ~[na:1.8.0_40]
	at com.sun.xml.internal.messaging.saaj.soap.impl.ElementImpl.addChildElement(ElementImpl.java:122) ~[na:1.8.0_40]
	at com.sun.xml.internal.messaging.saaj.soap.impl.ElementImpl.addChildElement(ElementImpl.java:130) ~[na:1.8.0_40]
	at highscore.HighscoreService.fillBody(HighscoreService.java:132) ~[classes/:na]
	at highscore.HighscoreService.postToBoard(HighscoreService.java:59) ~[classes/:na]
	at controllers.GameController.gameOver(GameController.java:168) ~[classes/:na]
	at Routes$$anonfun$routes$1$$anonfun$applyOrElse$13$$anonfun$apply$13.apply(routes_routing.scala:239) ~[classes/:na]
	at Routes$$anonfun$routes$1$$anonfun$applyOrElse$13$$anonfun$apply$13.apply(routes_routing.scala:239) ~[classes/:na]
	at play.core.Router$HandlerInvokerFactory$$anon$4.resultCall(Router.scala:264) ~[play_2.11-2.3.8.jar:2.3.8]
	at play.core.Router$HandlerInvokerFactory$JavaActionInvokerFactory$$anon$15$$anon$1.invocation(Router.scala:255) ~[play_2.11-2.3.8.jar:2.3.8]
	at play.core.j.JavaAction$$anon$1.call(JavaAction.scala:55) ~[play_2.11-2.3.8.jar:2.3.8]
	at play.GlobalSettings$1.call(GlobalSettings.java:67) ~[play_2.11-2.3.8.jar:2.3.8]
	at play.mvc.Security$AuthenticatedAction.call(Security.java:44) ~[play_2.11-2.3.8.jar:2.3.8]
	at play.db.jpa.TransactionalAction$1.apply(TransactionalAction.java:23) ~[play-java-jpa_2.11-2.3.8.jar:2.3.8]
	at play.db.jpa.TransactionalAction$1.apply(TransactionalAction.java:21) ~[play-java-jpa_2.11-2.3.8.jar:2.3.8]
	at play.db.jpa.JPA.withTransactionAsync(JPA.java:180) ~[play-java-jpa_2.11-2.3.8.jar:2.3.8]
	at play.db.jpa.TransactionalAction.call(TransactionalAction.java:18) ~[play-java-jpa_2.11-2.3.8.jar:2.3.8]
	at play.core.j.JavaAction$$anonfun$11.apply(JavaAction.scala:82) ~[play_2.11-2.3.8.jar:2.3.8]
	at play.core.j.JavaAction$$anonfun$11.apply(JavaAction.scala:82) ~[play_2.11-2.3.8.jar:2.3.8]
	at scala.concurrent.impl.Future$PromiseCompletingRunnable.liftedTree1$1(Future.scala:24) [scala-library-2.11.1.jar:na]
	at scala.concurrent.impl.Future$PromiseCompletingRunnable.run(Future.scala:24) [scala-library-2.11.1.jar:na]
	at play.core.j.HttpExecutionContext$$anon$2.run(HttpExecutionContext.scala:40) ~[play_2.11-2.3.8.jar:2.3.8]
	at play.api.libs.iteratee.Execution$trampoline$.execute(Execution.scala:46) [play-iteratees_2.11-2.3.8.jar:2.3.8]
	at play.core.j.HttpExecutionContext.execute(HttpExecutionContext.scala:32) ~[play_2.11-2.3.8.jar:2.3.8]
	at scala.concurrent.impl.Future$.apply(Future.scala:31) ~[scala-library-2.11.1.jar:na]
	at scala.concurrent.Future$.apply(Future.scala:492) ~[scala-library-2.11.1.jar:na]
	at play.core.j.JavaAction$class.apply(JavaAction.scala:82) ~[play_2.11-2.3.8.jar:2.3.8]
	at play.core.Router$HandlerInvokerFactory$JavaActionInvokerFactory$$anon$15$$anon$1.apply(Router.scala:252) ~[play_2.11-2.3.8.jar:2.3.8]
	at play.api.mvc.Action$$anonfun$apply$1$$anonfun$apply$4$$anonfun$apply$5.apply(Action.scala:130) ~[play_2.11-2.3.8.jar:2.3.8]
	at play.api.mvc.Action$$anonfun$apply$1$$anonfun$apply$4$$anonfun$apply$5.apply(Action.scala:130) ~[play_2.11-2.3.8.jar:2.3.8]
	at play.utils.Threads$.withContextClassLoader(Threads.scala:21) ~[play_2.11-2.3.8.jar:2.3.8]
	at play.api.mvc.Action$$anonfun$apply$1$$anonfun$apply$4.apply(Action.scala:129) ~[play_2.11-2.3.8.jar:2.3.8]
	at play.api.mvc.Action$$anonfun$apply$1$$anonfun$apply$4.apply(Action.scala:128) ~[play_2.11-2.3.8.jar:2.3.8]
	at scala.Option.map(Option.scala:145) [scala-library-2.11.1.jar:na]
	at play.api.mvc.Action$$anonfun$apply$1.apply(Action.scala:128) ~[play_2.11-2.3.8.jar:2.3.8]
	at play.api.mvc.Action$$anonfun$apply$1.apply(Action.scala:121) ~[play_2.11-2.3.8.jar:2.3.8]
	at play.api.libs.iteratee.Iteratee$$anonfun$mapM$1.apply(Iteratee.scala:483) ~[play-iteratees_2.11-2.3.8.jar:2.3.8]
	at play.api.libs.iteratee.Iteratee$$anonfun$mapM$1.apply(Iteratee.scala:483) ~[play-iteratees_2.11-2.3.8.jar:2.3.8]
	at play.api.libs.iteratee.Iteratee$$anonfun$flatMapM$1.apply(Iteratee.scala:519) ~[play-iteratees_2.11-2.3.8.jar:2.3.8]
	at play.api.libs.iteratee.Iteratee$$anonfun$flatMapM$1.apply(Iteratee.scala:519) ~[play-iteratees_2.11-2.3.8.jar:2.3.8]
	at play.api.libs.iteratee.Iteratee$$anonfun$flatMap$1$$anonfun$apply$14.apply(Iteratee.scala:496) ~[play-iteratees_2.11-2.3.8.jar:2.3.8]
	at play.api.libs.iteratee.Iteratee$$anonfun$flatMap$1$$anonfun$apply$14.apply(Iteratee.scala:496) ~[play-iteratees_2.11-2.3.8.jar:2.3.8]
	at scala.concurrent.impl.Future$PromiseCompletingRunnable.liftedTree1$1(Future.scala:24) [scala-library-2.11.1.jar:na]
	at scala.concurrent.impl.Future$PromiseCompletingRunnable.run(Future.scala:24) [scala-library-2.11.1.jar:na]
	... 6 common frames omitted

2015-05-25 22:06:46,270 - [INFO] - from application in play-internal-execution-context-45 
Application shutdown...

2015-05-25 22:06:46,458 - [INFO] - from play in play-internal-execution-context-45 
datasource [jdbc:h2:mem:play;DB_CLOSE_DELAY=-1] bound to JNDI as DefaultDS

2015-05-25 22:06:46,471 - [INFO] - from play in play-internal-execution-context-45 
database [default] connected at jdbc:h2:mem:play

2015-05-25 22:06:47,176 - [INFO] - from application in play-internal-execution-context-45 
Data from: data.json

2015-05-25 22:06:47,372 - [INFO] - from application in play-internal-execution-context-45 
5 categories from json file 'data.json' inserted.

2015-05-25 22:06:47,376 - [INFO] - from play in play-internal-execution-context-45 
Application started (Dev)

2015-05-25 22:06:47,796 - [INFO] - from application in play-akka.actor.default-dispatcher-152 
[yxcv] Play the game.

2015-05-25 22:06:47,964 - [INFO] - from application in play-akka.actor.default-dispatcher-151 
Go to login page.

2015-05-25 22:06:50,342 - [INFO] - from application in play-akka.actor.default-dispatcher-145 
Go to Registration page.

2015-05-25 22:06:53,343 - [INFO] - from application in play-akka.actor.default-dispatcher-154 
Registration info has been submitted.

2015-05-25 22:06:53,547 - [INFO] - from application in play-akka.actor.default-dispatcher-151 
Go to login page.

2015-05-25 22:06:56,330 - [INFO] - from application in play-akka.actor.default-dispatcher-157 
Login information has been provided.

2015-05-25 22:06:56,420 - [INFO] - from application in play-akka.actor.default-dispatcher-157 
[yxcv] Play the game.

2015-05-25 22:06:56,423 - [INFO] - from application in play-akka.actor.default-dispatcher-157 
[yxcv] Creating a new game.

2015-05-25 22:06:56,432 - [INFO] - from application in play-akka.actor.default-dispatcher-157 
Start game with 5 categories.

2015-05-25 22:06:59,393 - [INFO] - from application in play-akka.actor.default-dispatcher-152 
[yxcv] Questions selected.

2015-05-25 22:07:01,696 - [INFO] - from application in play-akka.actor.default-dispatcher-154 
[yxcv] Answers submitted.

2015-05-25 22:07:01,730 - [INFO] - from application in play-akka.actor.default-dispatcher-152 
[yxcv] Game over.

2015-05-25 22:07:01,731 - [INFO] - from application in play-akka.actor.default-dispatcher-152 
Start Highscore-Service

2015-05-25 22:07:02,383 - [ERROR] - from com.sun.xml.internal.messaging.saaj.soap in play-akka.actor.default-dispatcher-152 
SAAJ0537: Ungültiger Content-Type. Könnte eine Fehlermeldung anstelle einer SOAP-Nachricht sein

2015-05-25 22:07:02,383 - [ERROR] - from application in play-akka.actor.default-dispatcher-152 
exception 2

2015-05-25 22:07:02,383 - [INFO] - from application in play-akka.actor.default-dispatcher-152 
Start Twitter

2015-05-25 22:07:03,161 - [INFO] - from application in play-akka.actor.default-dispatcher-152 
Twitter post successfull!

2015-05-25 22:08:11,762 - [INFO] - from application in play-internal-execution-context-45 
Application shutdown...

2015-05-25 22:08:11,917 - [INFO] - from play in play-internal-execution-context-45 
datasource [jdbc:h2:mem:play;DB_CLOSE_DELAY=-1] bound to JNDI as DefaultDS

2015-05-25 22:08:11,921 - [INFO] - from play in play-internal-execution-context-45 
database [default] connected at jdbc:h2:mem:play

2015-05-25 22:08:12,641 - [INFO] - from application in play-internal-execution-context-45 
Data from: data.json

2015-05-25 22:08:12,690 - [INFO] - from application in play-internal-execution-context-45 
5 categories from json file 'data.json' inserted.

2015-05-25 22:08:12,694 - [INFO] - from play in play-internal-execution-context-45 
Application started (Dev)

2015-05-25 22:08:12,812 - [INFO] - from application in play-akka.actor.default-dispatcher-159 
[yxcv] Play the game.

2015-05-25 22:08:12,909 - [INFO] - from application in play-akka.actor.default-dispatcher-160 
Go to login page.

2015-05-25 22:08:15,549 - [INFO] - from application in play-akka.actor.default-dispatcher-157 
Go to Registration page.

2015-05-25 22:08:19,389 - [INFO] - from application in play-akka.actor.default-dispatcher-157 
Registration info has been submitted.

2015-05-25 22:08:19,530 - [INFO] - from application in play-akka.actor.default-dispatcher-162 
Go to login page.

2015-05-25 22:08:22,701 - [INFO] - from application in play-akka.actor.default-dispatcher-163 
Login information has been provided.

2015-05-25 22:08:22,806 - [INFO] - from application in play-akka.actor.default-dispatcher-158 
[yxcv] Play the game.

2015-05-25 22:08:22,810 - [INFO] - from application in play-akka.actor.default-dispatcher-158 
[yxcv] Creating a new game.

2015-05-25 22:08:22,816 - [INFO] - from application in play-akka.actor.default-dispatcher-158 
Start game with 5 categories.

2015-05-25 22:08:25,275 - [INFO] - from application in play-akka.actor.default-dispatcher-165 
[yxcv] Questions selected.

2015-05-25 22:08:28,174 - [INFO] - from application in play-akka.actor.default-dispatcher-162 
[yxcv] Answers submitted.

2015-05-25 22:08:28,365 - [INFO] - from application in play-akka.actor.default-dispatcher-158 
[yxcv] Game over.

2015-05-25 22:08:28,365 - [INFO] - from application in play-akka.actor.default-dispatcher-158 
Start Highscore-Service

2015-05-25 22:08:28,960 - [ERROR] - from com.sun.xml.internal.messaging.saaj.soap in play-akka.actor.default-dispatcher-158 
SAAJ0537: Ungültiger Content-Type. Könnte eine Fehlermeldung anstelle einer SOAP-Nachricht sein

2015-05-25 22:08:28,961 - [ERROR] - from application in play-akka.actor.default-dispatcher-158 
exception 2

2015-05-25 22:08:28,961 - [INFO] - from application in play-akka.actor.default-dispatcher-158 
Start Twitter

2015-05-25 22:08:29,897 - [INFO] - from application in play-akka.actor.default-dispatcher-158 
Twitter post successfull!

2015-05-25 22:19:52,695 - [INFO] - from application in play-akka.actor.default-dispatcher-161 
Logout.

2015-05-25 22:19:52,735 - [INFO] - from application in play-akka.actor.default-dispatcher-166 
Go to login page.

2015-05-25 22:19:55,035 - [INFO] - from application in play-akka.actor.default-dispatcher-170 
Go to Registration page.

2015-05-25 22:20:13,701 - [INFO] - from application in play-akka.actor.default-dispatcher-171 
Registration info has been submitted.

2015-05-25 22:20:13,823 - [INFO] - from application in play-akka.actor.default-dispatcher-161 
Go to login page.

2015-05-25 22:20:17,009 - [INFO] - from application in play-akka.actor.default-dispatcher-174 
Login information has been provided.

2015-05-25 22:20:17,067 - [INFO] - from application in play-akka.actor.default-dispatcher-174 
[qwer] Play the game.

2015-05-25 22:20:17,074 - [INFO] - from application in play-akka.actor.default-dispatcher-174 
[qwer] Creating a new game.

2015-05-25 22:20:17,083 - [INFO] - from application in play-akka.actor.default-dispatcher-174 
Start game with 5 categories.

2015-05-25 22:20:20,241 - [INFO] - from application in play-akka.actor.default-dispatcher-166 
[qwer] Questions selected.

2015-05-25 22:20:23,524 - [INFO] - from application in play-akka.actor.default-dispatcher-169 
[qwer] Answers submitted.

2015-05-25 22:20:23,630 - [INFO] - from application in play-akka.actor.default-dispatcher-177 
[qwer] Game over.

2015-05-25 22:20:23,631 - [INFO] - from application in play-akka.actor.default-dispatcher-177 
Start Highscore-Service

2015-05-25 22:20:24,033 - [ERROR] - from com.sun.xml.internal.messaging.saaj.soap in play-akka.actor.default-dispatcher-177 
SAAJ0537: Ungültiger Content-Type. Könnte eine Fehlermeldung anstelle einer SOAP-Nachricht sein

2015-05-25 22:20:24,034 - [ERROR] - from application in play-akka.actor.default-dispatcher-177 
exception 2

2015-05-25 22:20:24,034 - [INFO] - from application in play-akka.actor.default-dispatcher-177 
Start Twitter

2015-05-25 22:20:24,821 - [INFO] - from application in play-akka.actor.default-dispatcher-177 
Twitter post successfull!

2015-05-25 22:21:41,852 - [INFO] - from application in play-internal-execution-context-51 
Application shutdown...

2015-05-25 22:21:42,266 - [INFO] - from play in play-internal-execution-context-51 
datasource [jdbc:h2:mem:play;DB_CLOSE_DELAY=-1] bound to JNDI as DefaultDS

2015-05-25 22:21:42,290 - [INFO] - from play in play-internal-execution-context-51 
database [default] connected at jdbc:h2:mem:play

2015-05-25 22:21:43,520 - [INFO] - from application in play-internal-execution-context-51 
Data from: data.json

2015-05-25 22:21:43,641 - [INFO] - from application in play-internal-execution-context-51 
5 categories from json file 'data.json' inserted.

2015-05-25 22:21:43,645 - [INFO] - from play in play-internal-execution-context-51 
Application started (Dev)

2015-05-25 22:21:44,213 - [INFO] - from application in play-akka.actor.default-dispatcher-178 
[qwer] Play the game.

2015-05-25 22:21:44,367 - [INFO] - from application in play-akka.actor.default-dispatcher-179 
Go to login page.

2015-05-25 22:21:49,626 - [INFO] - from application in play-akka.actor.default-dispatcher-179 
Go to Registration page.

2015-05-25 22:21:53,236 - [INFO] - from application in play-akka.actor.default-dispatcher-181 
Registration info has been submitted.

2015-05-25 22:21:53,527 - [INFO] - from application in play-akka.actor.default-dispatcher-179 
Go to login page.

2015-05-25 22:21:56,647 - [INFO] - from application in play-akka.actor.default-dispatcher-179 
Login information has been provided.

2015-05-25 22:21:56,834 - [INFO] - from application in play-akka.actor.default-dispatcher-181 
[qwer] Play the game.

2015-05-25 22:21:56,869 - [INFO] - from application in play-akka.actor.default-dispatcher-181 
[qwer] Creating a new game.

2015-05-25 22:21:56,877 - [INFO] - from application in play-akka.actor.default-dispatcher-181 
Start game with 5 categories.

2015-05-25 22:22:00,234 - [INFO] - from application in play-akka.actor.default-dispatcher-183 
[qwer] Questions selected.

2015-05-25 22:22:03,136 - [INFO] - from application in play-akka.actor.default-dispatcher-183 
[qwer] Answers submitted.

2015-05-25 22:22:03,196 - [INFO] - from application in play-akka.actor.default-dispatcher-183 
[qwer] Game over.

2015-05-25 22:22:03,199 - [INFO] - from application in play-akka.actor.default-dispatcher-183 
Start Highscore-Service

2015-05-25 22:22:03,582 - [ERROR] - from com.sun.xml.internal.messaging.saaj.soap in play-akka.actor.default-dispatcher-183 
SAAJ0537: Ungültiger Content-Type. Könnte eine Fehlermeldung anstelle einer SOAP-Nachricht sein

2015-05-25 22:22:03,583 - [ERROR] - from application in play-akka.actor.default-dispatcher-183 
exception 2

2015-05-25 22:22:03,583 - [INFO] - from application in play-akka.actor.default-dispatcher-183 
Start Twitter

2015-05-25 22:22:04,367 - [INFO] - from application in play-akka.actor.default-dispatcher-183 
Twitter post successfull!

2015-05-25 22:22:44,136 - [INFO] - from application in play-internal-execution-context-58 
Application shutdown...

2015-05-25 22:22:44,445 - [INFO] - from play in play-internal-execution-context-58 
datasource [jdbc:h2:mem:play;DB_CLOSE_DELAY=-1] bound to JNDI as DefaultDS

2015-05-25 22:22:44,462 - [INFO] - from play in play-internal-execution-context-58 
database [default] connected at jdbc:h2:mem:play

2015-05-25 22:22:45,252 - [INFO] - from application in play-internal-execution-context-58 
Data from: data.json

2015-05-25 22:22:45,319 - [INFO] - from application in play-internal-execution-context-58 
5 categories from json file 'data.json' inserted.

2015-05-25 22:22:45,327 - [INFO] - from play in play-internal-execution-context-58 
Application started (Dev)

2015-05-25 22:22:45,448 - [INFO] - from application in play-akka.actor.default-dispatcher-173 
[qwer] Play the game.

2015-05-25 22:22:45,557 - [INFO] - from application in play-akka.actor.default-dispatcher-180 
Go to login page.

2015-05-25 22:22:48,672 - [INFO] - from application in play-akka.actor.default-dispatcher-188 
Go to Registration page.

2015-05-25 22:22:52,164 - [INFO] - from application in play-akka.actor.default-dispatcher-185 
Registration info has been submitted.

2015-05-25 22:22:52,349 - [INFO] - from application in play-akka.actor.default-dispatcher-188 
Go to login page.

2015-05-25 22:22:54,806 - [INFO] - from application in play-akka.actor.default-dispatcher-190 
Login information has been provided.

2015-05-25 22:22:54,984 - [INFO] - from application in play-akka.actor.default-dispatcher-185 
[yxcv] Play the game.

2015-05-25 22:22:54,986 - [INFO] - from application in play-akka.actor.default-dispatcher-185 
[yxcv] Creating a new game.

2015-05-25 22:22:54,990 - [INFO] - from application in play-akka.actor.default-dispatcher-185 
Start game with 5 categories.

2015-05-25 22:22:57,860 - [INFO] - from application in play-akka.actor.default-dispatcher-186 
[yxcv] Questions selected.

2015-05-25 22:23:00,944 - [INFO] - from application in play-akka.actor.default-dispatcher-188 
[yxcv] Answers submitted.

2015-05-25 22:23:01,202 - [INFO] - from application in play-akka.actor.default-dispatcher-189 
[yxcv] Game over.

2015-05-25 22:23:01,202 - [INFO] - from application in play-akka.actor.default-dispatcher-189 
Start Highscore-Service

2015-05-25 22:23:01,614 - [ERROR] - from com.sun.xml.internal.messaging.saaj.soap in play-akka.actor.default-dispatcher-189 
SAAJ0537: Ungültiger Content-Type. Könnte eine Fehlermeldung anstelle einer SOAP-Nachricht sein

2015-05-25 22:23:01,615 - [ERROR] - from application in play-akka.actor.default-dispatcher-189 
exception 2

2015-05-25 22:23:01,615 - [INFO] - from application in play-akka.actor.default-dispatcher-189 
Start Twitter

2015-05-25 22:23:02,380 - [INFO] - from application in play-akka.actor.default-dispatcher-189 
Twitter post successfull!

2015-05-25 22:28:56,725 - [INFO] - from application in play-internal-execution-context-58 
Application shutdown...

2015-05-25 22:28:56,835 - [INFO] - from play in play-internal-execution-context-58 
datasource [jdbc:h2:mem:play;DB_CLOSE_DELAY=-1] bound to JNDI as DefaultDS

2015-05-25 22:28:56,844 - [INFO] - from play in play-internal-execution-context-58 
database [default] connected at jdbc:h2:mem:play

2015-05-25 22:28:57,572 - [INFO] - from application in play-internal-execution-context-58 
Data from: data.json

2015-05-25 22:28:57,657 - [INFO] - from application in play-internal-execution-context-58 
5 categories from json file 'data.json' inserted.

2015-05-25 22:28:57,694 - [INFO] - from play in play-internal-execution-context-58 
Application started (Dev)

2015-05-25 22:28:58,148 - [INFO] - from application in play-akka.actor.default-dispatcher-193 
[yxcv] Play the game.

2015-05-25 22:28:58,304 - [INFO] - from application in play-akka.actor.default-dispatcher-187 
Go to login page.

2015-05-25 22:29:01,202 - [INFO] - from application in play-akka.actor.default-dispatcher-193 
Go to Registration page.

2015-05-25 22:29:04,408 - [INFO] - from application in play-akka.actor.default-dispatcher-195 
Registration info has been submitted.

2015-05-25 22:29:04,607 - [INFO] - from application in play-akka.actor.default-dispatcher-187 
Go to login page.

2015-05-25 22:29:07,977 - [INFO] - from application in play-akka.actor.default-dispatcher-195 
Login information has been provided.

2015-05-25 22:29:08,068 - [INFO] - from application in play-akka.actor.default-dispatcher-192 
[yxcv] Play the game.

2015-05-25 22:29:08,070 - [INFO] - from application in play-akka.actor.default-dispatcher-192 
[yxcv] Creating a new game.

2015-05-25 22:29:08,074 - [INFO] - from application in play-akka.actor.default-dispatcher-192 
Start game with 5 categories.

2015-05-25 22:29:10,526 - [INFO] - from application in play-akka.actor.default-dispatcher-199 
[yxcv] Questions selected.

2015-05-25 22:29:13,128 - [INFO] - from application in play-akka.actor.default-dispatcher-192 
[yxcv] Answers submitted.

2015-05-25 22:29:13,169 - [INFO] - from application in play-akka.actor.default-dispatcher-199 
[yxcv] Game over.

2015-05-25 22:29:13,170 - [INFO] - from application in play-akka.actor.default-dispatcher-199 
Start Highscore-Service

2015-05-25 22:29:13,387 - [ERROR] - from com.sun.xml.internal.messaging.saaj.soap in play-akka.actor.default-dispatcher-199 
SAAJ0537: Ungültiger Content-Type. Könnte eine Fehlermeldung anstelle einer SOAP-Nachricht sein

2015-05-25 22:29:13,388 - [ERROR] - from application in play-akka.actor.default-dispatcher-199 
exception 2

2015-05-25 22:29:13,388 - [INFO] - from application in play-akka.actor.default-dispatcher-199 
Start Twitter

2015-05-25 22:29:14,131 - [INFO] - from application in play-akka.actor.default-dispatcher-199 
Twitter post successfull!

2015-05-25 22:35:15,277 - [INFO] - from application in play-internal-execution-context-62 
Application shutdown...

2015-05-25 22:35:16,718 - [INFO] - from play in play-internal-execution-context-62 
datasource [jdbc:h2:mem:play;DB_CLOSE_DELAY=-1] bound to JNDI as DefaultDS

2015-05-25 22:35:16,734 - [INFO] - from play in play-internal-execution-context-62 
database [default] connected at jdbc:h2:mem:play

2015-05-25 22:35:18,511 - [INFO] - from application in play-internal-execution-context-62 
Data from: data.json

2015-05-25 22:35:18,630 - [INFO] - from application in play-internal-execution-context-62 
5 categories from json file 'data.json' inserted.

2015-05-25 22:35:18,853 - [INFO] - from play in play-internal-execution-context-62 
Application started (Dev)

2015-05-25 22:35:19,318 - [INFO] - from application in play-akka.actor.default-dispatcher-200 
[yxcv] Play the game.

2015-05-25 22:35:20,505 - [INFO] - from application in play-akka.actor.default-dispatcher-198 
Go to login page.

2015-05-25 22:35:23,402 - [INFO] - from application in play-akka.actor.default-dispatcher-200 
Go to Registration page.

2015-05-25 22:35:26,869 - [INFO] - from application in play-akka.actor.default-dispatcher-202 
Registration info has been submitted.

2015-05-25 22:35:26,967 - [INFO] - from application in play-akka.actor.default-dispatcher-203 
Go to login page.

2015-05-25 22:35:30,527 - [INFO] - from application in play-akka.actor.default-dispatcher-207 
Login information has been provided.

2015-05-25 22:35:30,964 - [INFO] - from application in play-akka.actor.default-dispatcher-203 
[yxcv] Play the game.

2015-05-25 22:35:30,967 - [INFO] - from application in play-akka.actor.default-dispatcher-203 
[yxcv] Creating a new game.

2015-05-25 22:35:31,042 - [INFO] - from application in play-akka.actor.default-dispatcher-203 
Start game with 5 categories.

2015-05-25 22:35:33,875 - [INFO] - from application in play-akka.actor.default-dispatcher-205 
[yxcv] Questions selected.

2015-05-25 22:35:36,716 - [INFO] - from application in play-akka.actor.default-dispatcher-205 
[yxcv] Answers submitted.

2015-05-25 22:35:36,764 - [INFO] - from application in play-akka.actor.default-dispatcher-201 
[yxcv] Game over.

2015-05-25 22:35:36,764 - [INFO] - from application in play-akka.actor.default-dispatcher-201 
Start Highscore-Service

2015-05-25 22:35:37,213 - [ERROR] - from com.sun.xml.internal.messaging.saaj.soap in play-akka.actor.default-dispatcher-201 
SAAJ0537: Ungültiger Content-Type. Könnte eine Fehlermeldung anstelle einer SOAP-Nachricht sein

2015-05-25 22:35:37,214 - [ERROR] - from application in play-akka.actor.default-dispatcher-201 
exception 2

2015-05-25 22:35:37,214 - [INFO] - from application in play-akka.actor.default-dispatcher-201 
Start Twitter

2015-05-25 22:35:38,143 - [INFO] - from application in play-akka.actor.default-dispatcher-201 
Twitter post successfull!

